<?xml version="1.0" encoding="UTF-8"?>
<!-- Generated by org.testng.reporters.JUnitXMLReporter -->
<testsuite hostname="RAJESH-PC" name="Command line test" tests="3" failures="0" timestamp="4 Dec 2017 08:11:35 GMT" time="14.075" errors="0">
  <testcase name="logiIN" time="8.949" classname="TravelP.TravelAgency.Login"/>
  <testcase name="Wrongdata" time="0.515" classname="TravelP.TravelAgency.Login"/>
  <testcase name="Correctdata" time="4.61" classname="TravelP.TravelAgency.Login"/>
</testsuite> <!-- Command line test -->
